p/1556391702135.jpg 1 0 0 53 35
p/1556391699024.jpg 1 0 0 48 39
p/1556391695411.jpg 1 0 0 55 43
p/1556391692563.jpg 1 0 0 43 31
p/1556391689347.jpg 1 0 0 50 32
p/1556391675566.jpg 1 0 0 58 42
p/1556391672765.jpg 1 0 0 75 60
p/1556391669802.jpg 1 0 0 70 60
p/1556391666966.jpg 1 0 0 62 53
p/1556391663165.jpg 1 0 0 54 42
p/1556391642091.jpg 1 0 0 64 51
p/1556391639246.jpg 1 0 0 77 50
p/1556391636268.jpg 1 0 0 52 32
p/1556391633659.jpg 1 0 0 53 46
p/1556391630883.jpg 1 0 0 45 37
p/1556391619699.jpg 1 0 0 58 49
p/1556391616977.jpg 1 0 0 40 40
p/1556391613621.jpg 1 0 0 56 44
p/1556391610711.jpg 1 0 0 50 32
p/1556391607745.jpg 1 0 0 61 46
p/1556391569986.jpg 1 0 0 53 38
p/1556391566251.jpg 1 0 0 46 41
p/1556391563843.jpg 1 0 0 55 36
p/1556391561487.jpg 1 0 0 52 30
p/1556391558430.jpg 1 0 0 56 35
p/1556391555313.jpg 1 0 0 56 33
p/1556391551377.jpg 1 0 0 63 42
p/1556391543825.jpg 1 0 0 45 39
p/1556391538249.jpg 1 0 0 48 35
p/1556391530278.jpg 1 0 0 52 37
p/1556391527477.jpg 1 0 0 51 40
p/1556391524835.jpg 1 0 0 46 49
p/1556391519925.jpg 1 0 0 60 45
p/1556391517247.jpg 1 0 0 57 40
p/1556391514297.jpg 1 0 0 44 41
p/1556391511192.jpg 1 0 0 42 43
p/1556391508217.jpg 1 0 0 68 45
p/1556391505490.jpg 1 0 0 54 46
p/1556391502660.jpg 1 0 0 51 38
p/1556391499474.jpg 1 0 0 52 38
p/1556391496088.jpg 1 0 0 52 46
p/1556391492978.jpg 1 0 0 51 32
p/1556391489408.jpg 1 0 0 42 34
p/1556391485835.jpg 1 0 0 35 29
p/1556391480793.jpg 1 0 0 52 42
p/1556391477476.jpg 1 0 0 50 32
p/1556391466891.jpg 1 0 0 57 41
p/1556391464224.jpg 1 0 0 52 37
p/1556391461235.jpg 1 0 0 41 37
p/1556391458066.jpg 1 0 0 53 44
p/1556391455589.jpg 1 0 0 53 37
p/1556391452467.jpg 1 0 0 58 58
p/1556391447704.jpg 1 0 0 57 41
p/1556391445036.jpg 1 0 0 53 38
p/1556391440056.jpg 1 0 0 58 46
p/1556391437446.jpg 1 0 0 53 40
p/1556391434722.jpg 1 0 0 54 46
p/1556391432011.jpg 1 0 0 86 55
p/1556391429337.jpg 1 0 0 62 39
p/1556391426035.jpg 1 0 0 55 49
p/1556391420899.jpg 1 0 0 51 34
p/1556391410236.jpg 1 0 0 60 43
p/1556391394748.jpg 1 0 0 71 41
p/1556391391808.jpg 1 0 0 57 40
p/1556391388974.jpg 1 0 0 61 38
p/1556391385152.jpg 1 0 0 60 42
p/1556391381714.jpg 1 0 0 46 44
p/1556391378533.jpg 1 0 0 68 52
p/1556391375293.jpg 1 0 0 74 61
p/1556391370078.jpg 1 0 0 45 45
p/1556391366368.jpg 1 0 0 61 47
p/1556391362205.jpg 1 0 0 51 34
p/1556391355876.jpg 1 0 0 38 34
p/1556391353012.jpg 1 0 0 45 36
p/ohmsymbol.png 1 0 0 427 244
p/mwo_x1000_ipad_2_snap_pad_750x1000_f8f8f8.lite_1u2.jpg 1 0 0 750 1000
p/ap_550x550_12x16_1_transparent_t.u2.png 1 0 0 413 549
p/s_l300.jpg 1 0 0 300 236
p/ohm_symbol.png 1 0 0 291 290
p/stock_photo_ohm_electrical_formula_text_on_ohm_symbol_graphic_and_arrangement_concept_94687633.jpg 1 0 0 1500 1171
p/12_127679_greek_omega_small_clip_art_at_clker_ohm.png 1 0 0 880 907
p/omega_gallery_ohms_symbol_microphone_circuit_symbol_electrical_ground_list_of_symbols_table_layout_d.png 1 0 0 2400 2400
p/ohm.jpg 1 0 0 800 600
p/image.jpg 1 0 0 392 391
p/ohm_electrical_formula_text_on_450w_94687633.jpg 1 0 0 450 341
p/ohm_35900_960_720.png 1 0 0 597 720
p/kisspng_ohmmeter_electronic_symbol_electrical_resistance_a_vape_5ac823c31ab459.3538764515230657951094.jpg 1 0 0 260 260
p/fa6d6d619a7c69f275f43dcdb8f3fb18.jpg 1 0 0 234 234