n/1554612338642.jpg
n/five.png
n/5.png
n/154215_157998.jpg
n/blue_5_hi.png
n/c17790_e17478a048a34ff29f190c5fd0d4a504_mv2.jpg
n/55076_5.jpg
n/latest.jpg
n/5.jpg
n/five_706893_960_720.jpg
n/0000046.jpg
n/0000045.jpg
n/0000044.jpg
n/0000043.jpg
n/0000042.jpg
n/0000041.jpg
n/0000040.jpg
n/0000039.jpg
n/0000038.jpg
n/0000037.jpg
n/0000026.jpg
n/0000025.jpg
n/0000024.jpg
n/0000023.jpg
n/0000022.jpg
n/0000021.jpg
n/0000020.jpg
n/0000019.jpg
n/1554614091795.jpg
n/0000018.jpg
n/1554614091794.jpg
n/0000017.jpg
n/1554614091793.jpg
n/0000016.jpg
n/1554614091792.jpg
n/0000015.jpg
n/0000011.jpg
n/0000010.jpg
n/0000009.jpg
n/0000008.jpg
n/0000007.jpg
n/0000006.jpg
n/0000005.jpg
n/0000004.jpg
n/0000003.jpg
n/0000002.jpg
n/0000001.jpg