p/1556497585600.jpg 1 0 0 29 43
p/1556497581239.jpg 1 0 0 31 31
p/1556497573784.jpg 1 0 0 52 62
p/1556497569732.jpg 1 0 0 35 40
p/1556497565057.jpg 1 0 0 40 47
p/1556497558798.jpg 1 0 0 37 40
p/1556497553027.jpg 1 0 0 32 41
p/1556497547445.jpg 1 0 0 32 52
p/1556497525219.jpg 1 0 0 34 40
p/1556497518435.jpg 1 0 0 35 53
p/1556497514524.jpg 1 0 0 28 37
p/1556497510746.jpg 1 0 0 38 47
p/1556497503303.jpg 1 0 0 42 50
p/1556497499788.jpg 1 0 0 33 38
p/1556497496649.jpg 1 0 0 35 48
p/1556497492186.jpg 1 0 0 36 49
p/1556497487855.jpg 1 0 0 35 34
p/1556497483559.jpg 1 0 0 35 39
p/1556497480020.jpg 1 0 0 36 47
p/1556497475440.jpg 1 0 0 27 29
p/1556497471222.jpg 1 0 0 26 35
p/1556497466067.jpg 1 0 0 28 27
p/1556497459597.jpg 1 0 0 19 29
p/1556497455758.jpg 1 0 0 21 24
p/1556497447806.jpg 1 0 0 22 28
p/1556497442547.jpg 1 0 0 28 43
p/1556497434659.jpg 1 0 0 26 28
p/1556497427396.jpg 1 0 0 23 28
p/1556497422609.jpg 1 0 0 26 27
p/V_Letter_PNG_Image.png 1 0 0 1024 1024
p/21fsTu6tH4L.jpg 1 0 0 225 225
p/letter_v_3d_red_isolated_on_white_with_shadow_orthogonal_projection_picture_id688121764.jpg 1 0 0 583 612
p/2635_1.jpg 1 0 0 540 750
p/2_f_.jpg 1 0 0 580 386
p/strawberry_style_font_letter_v_Download_Royalty_free_Vector_File_EPS_71122.jpg 1 0 0 1200 1200
p/v_logo_business_letter_icons_png_91616.jpg 1 0 0 360 360
p/depositphotos_45706883_stock_illustration_font_zebra_letter_v.jpg 1 0 0 724 1024
p/Cookie_Cutter_Frosted__9_1024x1024.jpg 1 0 0 1000 1000
p/depositphotos_40161673_stock_photo_water_splashes_letter_v.jpg 1 0 0 1024 1024
p/1964841.jpg 1 0 0 300 300
p/12.jpg 1 0 0 852 480
p/168952340.jpg 1 0 0 1500 1620
p/Lowercase_Letter_V_Template_Printable.jpg 1 0 0 300 400
p/1556498014967.png 1 0 0 387 400
p/letter_v_tech_logo_vector_12225852.jpg 1 0 0 912 1080
p/letter_146016_960_720.png 1 0 0 601 720
p/981new.jpg 1 0 0 430 430
p/creative_.png 1 0 0 580 386
p/V_0510aad3_11ca_4fb7_8477_005f19d36e33_grande.jpg 1 0 0 500 500
p/1964814.png 1 0 0 887 900
p/22_512.png 1 0 0 512 512
p/letter_v_handwritten_by_dry_brush_rough_strokes_vector_19444219.jpg 1 0 0 1000 1080
p/Letter_V_PNG_Picture.png 1 0 0 580 751
p/alphabet_from_the_new_popular_anti_stress_toy_spinner_letter_v_vector_JW827E.jpg 1 0 0 1300 1390
p/alphabet_19884682.jpg 1 0 0 175 168
p/letter_v_icon_design_template_elements_vector_id834351278.jpg 1 0 0 612 612
p/51071749_letter_v_double_exposure_with_white_tree_on_black_background_vector_isolated_illustration_b.jpg 1 0 0 1300 1300
p/V__Modern_size_150_400x400.jpg 1 0 0 400 400
p/V_400.png 1 0 0 387 400
p/kisspng_letter_case_v_times_new_roman_font_fonts_5ace0d62820e79.9963952015234532825327.jpg 1 0 0 900 840
p/hqdefault.jpg 1 0 0 480 360
p/s_l300.jpg 1 0 0 231 300
p/Letter_V_Transparent_Image.png 1 0 0 640 600
p/letter_v_of_english_alphabet_made_from_ripe_fresh_vector_21479461.jpg 1 0 0 1000 1080
p/Uppercase_Letter_V_Template_for_Crafts.jpg 1 0 0 350 525
p/vector_logo_letter_v_glitch_distortion_diagonal_modern_vector_logo_letter_v_v_letter_design_vector_1.jpg 1 0 0 1600 1690
p/efbe78aceb129e60cf61f4853306ebb1.jpg 1 0 0 420 420
p/21651545_gold_letter_v_isolated.jpg 1 0 0 1300 1300
p/shutterstock_757437994.jpg 1 0 0 729 425
p/Letter_V.png 1 0 0 301 301
p/letter_v_xxl.png 1 0 0 256 256
p/b8d3b973e61519a0ed14e5c12f5ca087.png 1 0 0 445 550
p/40321163_letter_v_alphabet_with_zinnia_flower_abc_concept_type_as_logo_typography_design.jpg 1 0 0 1300 1300
p/my_letter_v_coloring_page_png_468x609_q85.jpg 1 0 0 468 605
p/v_large.jpg 1 0 0 349 349
p/1200px_LetterV.svg.png 1 0 0 1200 1200
p/697733d7831a1549482676a7be1be58b.jpg 1 0 0 580 751
p/flat_550x550_075_f.u1.jpg 1 0 0 389 550
p/51OTj71jZaL._SX425_.jpg 1 0 0 425 425