n/fe5fed5a_4e23_4ad1_b7d9_f88d4377e7f5.jpg
n/1554612327752.png
n/number_1186418_960_720.png
n/depositphotos_208647562_stock_photo_number_five_5_made_of.jpg
n/e9cf5966_b74f_4d65_8e62_814a8fed9086.png
n/1554612338642.jpg
n/channel_5.png
n/3a74c634fa4e301594aa0bda61625a98.jpg
n/number_5.jpg
n/green_icon_5_hi.png
n/51.png
n/pink_number_5_foil_giant_helium_balloon_deflated_a.jpg
n/number_5_button_md.png
n/number_1920560_960_720.png
n/1554612327752.jpg
n/five.png
n/og_image_5_network.jpg
n/5.png
n/1200px_GR_EO_5.svg.png
n/1554612338643.jpg
n/5_9.png
n/154215_157998.jpg
n/numbers_1487229_960_720.png
n/1554612338643.png
n/blue_5_hi.png
n/c17790_e17478a048a34ff29f190c5fd0d4a504_mv2.jpg
n/five_only_orange.png
n/R_5.jpg
n/1200px_Logo_5_Channel.svg.png
n/55076_5.jpg
n/1200px_France_5_2018.svg.png
n/latest.jpg
n/1024px_NYCS_bull_trans_5.svg.png
n/5.jpg
n/five_706893_960_720.jpg