p/0000147.jpg 1 0 0 489 489
p/0000146.jpg 1 0 0 489 489
p/0000145.jpg 1 0 0 489 489
p/0000144.jpg 1 0 0 488 489
p/0000143.jpg 1 0 0 489 488
p/0000142.jpg 1 0 0 488 488
p/0000141.jpg 1 0 0 489 489
p/0000140.jpg 1 0 0 489 488
p/0000139.jpg 1 0 0 378 379
p/0000138.jpg 1 0 0 378 378
p/0000137.jpg 1 0 0 379 378
p/0000136.jpg 1 0 0 378 379
p/0000085.jpg 1 0 0 522 522
p/0000084.jpg 1 0 0 522 522
p/0000083.jpg 1 0 0 522 522
p/0000082.jpg 1 0 0 522 522
p/0000081.jpg 1 0 0 523 522
p/0000080.jpg 1 0 0 523 522
p/0000079.jpg 1 0 0 522 522
p/0000078.jpg 1 0 0 522 522
p/0000077.jpg 1 0 0 522 523
p/0000076.jpg 1 0 0 522 522
p/0000075.jpg 1 0 0 522 522
p/0000074.jpg 1 0 0 522 522
p/0000048.jpg 1 0 0 537 536
p/0000047.jpg 1 0 0 428 428
p/0000046.jpg 1 0 0 428 428
p/0000045.jpg 1 0 0 428 428
p/0000044.jpg 1 0 0 428 429
p/0000043.jpg 1 0 0 428 428
p/0000042.jpg 1 0 0 428 428
p/0000041.jpg 1 0 0 428 428
p/0000040.jpg 1 0 0 488 489
p/0000039.jpg 1 0 0 489 488
p/0000038.jpg 1 0 0 489 489
p/0000037.jpg 1 0 0 489 489
p/0000011.jpg 1 0 0 514 513
p/0000010.jpg 1 0 0 514 513
p/0000009.jpg 1 0 0 513 513
p/0000008.jpg 1 0 0 514 513
p/0000007.jpg 1 0 0 513 513
p/0000006.jpg 1 0 0 514 513
p/0000005.jpg 1 0 0 513 513
p/0000004.jpg 1 0 0 514 513
p/0000003.jpg 1 0 0 513 513
p/0000002.jpg 1 0 0 513 513
p/0000001.jpg 1 0 0 513 513
p/c0.jpg 1 0 0 513 513