p/595043acdc4c03fb19c8ae015fe7faf1.png 1 0 0 318 159
p/1554608346719.png 1 0 0 500 125
p/Resistance3.png 1 0 0 187 189
p/circled_resistor_symbol_blue_shower_curtain.jpg 1 0 0 460 460
p/kisspng_electronic_symbol_resistor_sacha_sons_singapore_lazy_day_5aeacc4f180fd9.5002665215253371670986.jpg 1 0 0 900 900
p/1554608346718.jpg 1 0 0 640 640
p/resistor_symbol.png 1 0 0 450 177
p/not_burnable_resistor.png 1 0 0 130 130
p/st_small_215x235_pad_210x230_f8f8f8.lite_1u3.jpg 1 0 0 210 230
p/resistor_symbol_european_HTX1RX.jpg 1 0 0 1300 821
p/rheostat_symbol.png 1 0 0 329 178
p/177px_Resistor_symbol_upright.svg.png 1 0 0 177 1021
p/resister_clipart_9.jpg 1 0 0 615 2400
p/kisspng_electronic_symbol_resistor_potentiometer_electroni_electronic_5acde2e69d56d6.3498811915234424066445.jpg 1 0 0 900 2400
p/resistor_protection_2.png 1 0 0 130 130
p/resistor_symbol_clip_art_10359.jpg 1 0 0 590 134
p/schemeit_project_1.png 1 0 0 280 88
p/resistor_symbol_png_5.png 1 0 0 280 210
p/175_1751904_large_size_fixed_resistor_symbol_clipart_best_component.png 1 0 0 880 485
p/Symbol_of_resistor.jpg 1 0 0 256 127
p/rsamurti_RSA_IEC_Variable_Resistor_Symbol_1.png 1 0 0 2400 1714
p/1554608346719.jpg 1 0 0 517 154
p/techart_symbols2_10.JPG 1 0 0 214 154
p/resistor_2.png 1 0 0 130 130
p/getfile.jpg 1 0 0 600 600
p/FNZSX0UIPZMPCG7.LARGE.jpg 1 0 0 1024 553
p/rsamurti_RSA_IEC_Resistor_Symbol.png 1 0 0 2400 483
p/rsa_iec_variable_resistor_symbol_clip_art_17390.jpg 1 0 0 590 428
p/1280px_Variable_resistor_symbol.svg.png 1 0 0 1280 1024
p/techart_symbols_1.JPG 1 0 0 388 254
p/resistor_symbol.jpg 1 0 0 286 175